2016/10/12 19:55:25 にビルドを開始しました。
     1>ノード 2 上のプロジェクト "C:\Users\Tsuka\Documents\Visual Studio 2013\Projects\ML\ML\ML.vcxproj" (Build ターゲット)。
     1>ClCompile:
         C:\Program Files (x86)\Microsoft Visual Studio 12.0\VC\bin\x86_amd64\CL.exe /c /I"C:\Users\Tsuka\Documents\Visual Studio 2013\Projects\ML\packages\OpenCV.2.4.10\build\native\../../build/native/include/" /IC:\opencv\build\include /Zi /nologo /W3 /WX- /sdl /Od /D HAS_OPENCV /D WIN32 /D _DEBUG /D _CONSOLE /D _LIB /D _UNICODE /D UNICODE /Gm /EHsc /RTC1 /MDd /GS /fp:precise /Zc:wchar_t /Zc:forScope /Fo"x64\Debug\\" /Fd"x64\Debug\vc120.pdb" /Gd /TP /errorReport:prompt main.cpp
         main.cpp
     1>main.cpp(47): warning C4129: '_' : エスケープ シーケンスとして正しく認識されませんでした。
     1>main.cpp(102): warning C4129: '_' : エスケープ シーケンスとして正しく認識されませんでした。
     1>main.cpp(394): warning C4244: '=' : 'double' から 'float' への変換です。データが失われる可能性があります。
     1>main.cpp(395): warning C4244: '=' : 'double' から 'float' への変換です。データが失われる可能性があります。
     1>main.cpp(401): warning C4244: '=' : 'double' から 'float' への変換です。データが失われる可能性があります。
     1>main.cpp(402): warning C4244: '=' : 'double' から 'float' への変換です。データが失われる可能性があります。
     1>main.cpp(408): warning C4244: '=' : 'double' から 'float' への変換です。データが失われる可能性があります。
     1>main.cpp(409): warning C4244: '=' : 'double' から 'float' への変換です。データが失われる可能性があります。
     1>main.cpp(534): warning C4244: '初期化中' : 'double' から 'int' への変換です。データが失われる可能性があります。
       Link:
         C:\Program Files (x86)\Microsoft Visual Studio 12.0\VC\bin\x86_amd64\link.exe /ERRORREPORT:PROMPT /OUT:"C:\Users\Tsuka\Documents\Visual Studio 2013\Projects\ML\x64\Debug\ML.exe" /INCREMENTAL /NOLOGO /LIBPATH:C:\opencv\build\x64\vc12\lib "C:\Users\Tsuka\Documents\Visual Studio 2013\Projects\ML\packages\OpenCV.2.4.10\build\native\../../build/native/lib/x64/v120/Debug/opencv_videostab2410d.lib" "C:\Users\Tsuka\Documents\Visual Studio 2013\Projects\ML\packages\OpenCV.2.4.10\build\native\../../build/native/lib/x64/v120/Debug/opencv_video2410d.lib" "C:\Users\Tsuka\Documents\Visual Studio 2013\Projects\ML\packages\OpenCV.2.4.10\build\native\../../build/native/lib/x64/v120/Debug/opencv_ts2410d.lib" "C:\Users\Tsuka\Documents\Visual Studio 2013\Projects\ML\packages\OpenCV.2.4.10\build\native\../../build/native/lib/x64/v120/Debug/opencv_superres2410d.lib" "C:\Users\Tsuka\Documents\Visual Studio 2013\Projects\ML\packages\OpenCV.2.4.10\build\native\../../build/native/lib/x64/v120/Debug/opencv_stitching2410d.lib" "C:\Users\Tsuka\Documents\Visual Studio 2013\Projects\ML\packages\OpenCV.2.4.10\build\native\../../build/native/lib/x64/v120/Debug/opencv_photo2410d.lib" "C:\Users\Tsuka\Documents\Visual Studio 2013\Projects\ML\packages\OpenCV.2.4.10\build\native\../../build/native/lib/x64/v120/Debug/opencv_ocl2410d.lib" "C:\Users\Tsuka\Documents\Visual Studio 2013\Projects\ML\packages\OpenCV.2.4.10\build\native\../../build/native/lib/x64/v120/Debug/opencv_objdetect2410d.lib" "C:\Users\Tsuka\Documents\Visual Studio 2013\Projects\ML\packages\OpenCV.2.4.10\build\native\../../build/native/lib/x64/v120/Debug/opencv_nonfree2410d.lib" "C:\Users\Tsuka\Documents\Visual Studio 2013\Projects\ML\packages\OpenCV.2.4.10\build\native\../../build/native/lib/x64/v120/Debug/opencv_ml2410d.lib" "C:\Users\Tsuka\Documents\Visual Studio 2013\Projects\ML\packages\OpenCV.2.4.10\build\native\../../build/native/lib/x64/v120/Debug/opencv_legacy2410d.lib" "C:\Users\Tsuka\Documents\Visual Studio 2013\Projects\ML\packages\OpenCV.2.4.10\build\native\../../build/native/lib/x64/v120/Debug/opencv_imgproc2410d.lib" "C:\Users\Tsuka\Documents\Visual Studio 2013\Projects\ML\packages\OpenCV.2.4.10\build\native\../../build/native/lib/x64/v120/Debug/opencv_highgui2410d.lib" "C:\Users\Tsuka\Documents\Visual Studio 2013\Projects\ML\packages\OpenCV.2.4.10\build\native\../../build/native/lib/x64/v120/Debug/opencv_gpu2410d.lib" "C:\Users\Tsuka\Documents\Visual Studio 2013\Projects\ML\packages\OpenCV.2.4.10\build\native\../../build/native/lib/x64/v120/Debug/opencv_flann2410d.lib" "C:\Users\Tsuka\Documents\Visual Studio 2013\Projects\ML\packages\OpenCV.2.4.10\build\native\../../build/native/lib/x64/v120/Debug/opencv_features2d2410d.lib" "C:\Users\Tsuka\Documents\Visual Studio 2013\Projects\ML\packages\OpenCV.2.4.10\build\native\../../build/native/lib/x64/v120/Debug/opencv_core2410d.lib" "C:\Users\Tsuka\Documents\Visual Studio 2013\Projects\ML\packages\OpenCV.2.4.10\build\native\../../build/native/lib/x64/v120/Debug/opencv_contrib2410d.lib" "C:\Users\Tsuka\Documents\Visual Studio 2013\Projects\ML\packages\OpenCV.2.4.10\build\native\../../build/native/lib/x64/v120/Debug/opencv_calib3d2410d.lib" /MANIFEST /MANIFESTUAC:"level='asInvoker' uiAccess='false'" /manifest:embed /DEBUG /PDB:"C:\Users\Tsuka\Documents\Visual Studio 2013\Projects\ML\x64\Debug\ML.pdb" /SUBSYSTEM:CONSOLE /TLBID:1 /DYNAMICBASE /NXCOMPAT /IMPLIB:"C:\Users\Tsuka\Documents\Visual Studio 2013\Projects\ML\x64\Debug\ML.lib" /MACHINE:X64 x64\Debug\main.obj
         ML.vcxproj -> C:\Users\Tsuka\Documents\Visual Studio 2013\Projects\ML\x64\Debug\ML.exe
     1>プロジェクト "C:\Users\Tsuka\Documents\Visual Studio 2013\Projects\ML\ML\ML.vcxproj" (Build ターゲット) のビルドが完了しました。

ビルドに成功しました。

経過時間 00:00:01.58
